<?xml version="1.0" encoding="UTF-8"?>
<!-- Generated by org.testng.reporters.JUnitReportReporter -->
<testsuite hostname="DESKTOP-3CFO2EU" failures="0" tests="3" name="testcases.SauceDemoLoginTC" time="7.864" errors="0" timestamp="23 Apr 2023 07:24:54 GMT" skipped="0">
  <testcase classname="testcases.SauceDemoLoginTC" name="InvalidLoginTest" time="2.574"/>
  <testcase classname="testcases.SauceDemoLoginTC" name="verifyNavigation" time="2.056"/>
  <testcase classname="testcases.SauceDemoLoginTC" name="ValidLoginTest" time="3.234"/>
</testsuite> <!-- testcases.SauceDemoLoginTC -->
