<?xml version="1.0" encoding="UTF-8"?>
<!-- Generated by org.testng.reporters.JUnitReportReporter -->
<testsuite skipped="0" hostname="DESKTOP-3CFO2EU" name="testcases.SauceDemoLoginTC" tests="3" failures="0" timestamp="23 Apr 2023 07:28:03 GMT" time="10.827" errors="0">
  <testcase name="verifyNavigation" time="3.028" classname="testcases.SauceDemoLoginTC"/>
  <testcase name="InvalidLoginTest" time="3.685" classname="testcases.SauceDemoLoginTC"/>
  <testcase name="ValidLoginTest" time="4.114" classname="testcases.SauceDemoLoginTC"/>
</testsuite> <!-- testcases.SauceDemoLoginTC -->
